Parsing types from '/Library/Frameworks/EclipseSUMO.framework/Versions/1.26.0/EclipseSUMO/share/sumo/data/typemap/osmNetconvert.typ.xml' ... done.
Parsing nodes from osm-file '/Users/junlee/Desktop/2026-1/js/result/report_top12_seed4_2h/sumo_nets/cw_6122/map.osm' ...
Found and substituted 17 osm nodes.
 done (18ms).
Parsing edges from osm-file '/Users/junlee/Desktop/2026-1/js/result/report_top12_seed4_2h/sumo_nets/cw_6122/map.osm' ... done (13ms).
Removing duplicate edges ... done.
Warning: Discarding unknown compound 'usage.main' in type 'railway.subway|usage.main' (first occurrence for edge '781983105').
Warning: Discarding unusable type 'aeroway.helipad' (first occurrence for edge '1216021748').
Warning: Removing pt stop '355173195' on non existing edge '781983105'.
Warning: Removing pt stop '3832931179' on non existing edge '1221943825'.
Warning: Removing pt stop '6036160340' on non existing edge '1221943824'.
Warning: Removing pt stop '6036161314' on non existing edge '1221943824'.
Warning: Removing pt stop '6036161326' on non existing edge '1221943824'.
Parsing relations from osm-file '/Users/junlee/Desktop/2026-1/js/result/report_top12_seed4_2h/sumo_nets/cw_6122/map.osm' ...
Warning: PT line in relation 2894468 with no stops ignored. Probably OSM file is incomplete.
Warning: PT line in relation 2894488 with no stops ignored. Probably OSM file is incomplete.
Warning: PT line in relation 2894490 with no stops ignored. Probably OSM file is incomplete.
Warning: PT line in relation 2895724 with no stops ignored. Probably OSM file is incomplete.
Warning: PT line in relation 2895735 with no stops ignored. Probably OSM file is incomplete.
Warning: No way found for reference '619147726' in relation '12464132'
Warning: No way found for reference '777881148' in relation '12464132'
Warning: Ignoring restriction relation '12464132' with unknown from-way.
Warning: Ignoring restriction relation '12464132' with unknown to-way.
Warning: Ignoring restriction relation '12480303' with unknown to-way.
 done (38ms).
 Import done:
   147 nodes loaded.
   38 types loaded.
   243 edges loaded.
Proj projection parameters used: '+proj=utm +zone=52 +ellps=WGS84 +datum=WGS84 +units=m +no_defs'.
Removing self-loops ... done (0ms).
Processing public transport stops ... done (1ms).
Revising public transport stops based on pt lines ...
Warning: Cannot revise pt stop localization for pt line '10727605', which has no route edges. Ignoring!
Warning: Removed invalid stop '355173195' from line '10727605'.
Warning: Removed invalid stop '3832931179' from line '10727605'.
Warning: Removed invalid stop '7366159452' from line '10727605'.
Warning: Cannot revise pt stop localization for pt line '10727606', which has no route edges. Ignoring!
Warning: Removed invalid stop '355173195' from line '10727606'.
Warning: Removed invalid stop '3832931179' from line '10727606'.
Warning: Cannot revise pt stop localization for pt line '10727607', which has no route edges. Ignoring!
Warning: Could not assign stop '6036161326' to pt line '10727608' (closest edge 'NULL', distance 179769313486231570814527423731704356798070567525844996598917476803157260780028538760589558632766878171540458953514382464234321326889464182768467546703537516986049910576551282076245490090389328944075868508455133942304583236903222948165808559332123348274797826204144723168738177180919299881250404026184124858368.00). Ignoring!
Warning: Could not assign stop '6036161314' to pt line '10727608' (closest edge 'NULL', distance 179769313486231570814527423731704356798070567525844996598917476803157260780028538760589558632766878171540458953514382464234321326889464182768467546703537516986049910576551282076245490090389328944075868508455133942304583236903222948165808559332123348274797826204144723168738177180919299881250404026184124858368.00). Ignoring!
Warning: Could not assign stop '6036160340' to pt line '10727608' (closest edge 'NULL', distance 179769313486231570814527423731704356798070567525844996598917476803157260780028538760589558632766878171540458953514382464234321326889464182768467546703537516986049910576551282076245490090389328944075868508455133942304583236903222948165808559332123348274797826204144723168738177180919299881250404026184124858368.00). Ignoring!
Warning: Could not assign stop '6036161326' to pt line '10947038' (closest edge 'NULL', distance 179769313486231570814527423731704356798070567525844996598917476803157260780028538760589558632766878171540458953514382464234321326889464182768467546703537516986049910576551282076245490090389328944075868508455133942304583236903222948165808559332123348274797826204144723168738177180919299881250404026184124858368.00). Ignoring!
Warning: Could not assign stop '6036161314' to pt line '10947038' (closest edge 'NULL', distance 179769313486231570814527423731704356798070567525844996598917476803157260780028538760589558632766878171540458953514382464234321326889464182768467546703537516986049910576551282076245490090389328944075868508455133942304583236903222948165808559332123348274797826204144723168738177180919299881250404026184124858368.00). Ignoring!
Warning: Cannot revise pt stop localization for pt line '15870296', which has no route edges. Ignoring!
Warning: Cannot revise pt stop localization for pt line '16665966', which consist of one way only. Ignoring!
Warning: Cannot revise pt stop localization for pt line '2718884', which has no route edges. Ignoring!
Warning: Cannot revise pt stop localization for pt line '6503601', which consist of one way only. Ignoring!
 done (0ms).
Align pt stop id signs with corresponding edge id signs ... done (0ms).
Joining junction clusters ... done (1ms).
 Joined 10 junction cluster(s).
Removing empty nodes and geometry nodes ... done (0ms).
   20 nodes removed.
Moving network to origin ... done (1ms).
Computing turning directions ...
Warning: Ambiguity in turnarounds computation at junction '7297194402'.
 done (0ms).
Assigning nodes to traffic lights ... done (0ms).
Guessing and setting on-/off-ramps ... done (0ms).
Guessed 76 sidewalks.
Sorting nodes' edges ... done (0ms).
Computing node shapes ... done (4ms).
Computing edge shapes ... done (1ms).
Computing node types ... done (0ms).
Guessed 52 pedestrian crossings.
Computing priorities ... done (0ms).
Computing approached edges ... done (0ms).
Guessing and setting roundabouts ... done (0ms).
Computing approaching lanes ... done (0ms).
Dividing of lanes on approached lanes ... done (0ms).
Processing turnarounds ... done (0ms).
Rechecking of lane endings ...
Warning: Lane '-821456226#2_0' is not connected from any incoming edge at junction '7669809582'.
Warning: Lane '-821456229_0' is not connected from any incoming edge at junction '7669809584'.
Warning: Edge '608932944' is not connected to outgoing edges at junction '5767950246'.
Warning: Lane '608932944_0' is not connected from any incoming edge at junction '5768158139'.
Warning: Edge '821456226#2' is not connected to outgoing edges at junction '7669809582'.
Warning: Edge '821456229' is not connected to outgoing edges at junction '7669809584'.
 done (0ms).
Computing traffic light control information ... done (0ms).
Computing node logics ... done (1ms).
Computing traffic light logics ... done (0ms).
 3 traffic light(s) computed.
Building inner edges ...
Warning: Intersecting left turns at junction 'cluster_10864285557_3217915254_7300992880_9357585533' from lane '913406478_1' and lane '-315658899#0_1' (increase junction radius to avoid this).
Warning: Intersecting left turns at junction 'cluster_10864285557_3217915254_7300992880_9357585533' from lane '218915135#2_1' and lane '-315658899#0_1' (increase junction radius to avoid this).
 done (2ms).
Find accesses for pt rail stops ... done (0ms).
Warning: Removed 8 pt stops because they could not be assigned to the network
-----------------------------------------------------
Summary:
 Node type statistics:
  Unregulated junctions       : 0
  Dead-end junctions          : 64
  Priority junctions          : 45
  Right-before-left junctions : 3
  Traffic light junctions      : 3
 Network boundaries:
  Original boundary  : 126.97,37.55,126.99,37.56
  Applied offset     : -321071.01,-4158382.89
  Converted boundary : 0.00,0.00,697.03,740.28
-----------------------------------------------------
Writing network ... done (10ms).
Warning: 6 total messages of type: Cannot revise pt stop localization for pt line '%', which has no route edges. Ignoring!
Warning: 12 total messages of type: Could not assign stop '%' to pt line '%' (closest edge '%', distance %). Ignoring!
Warning: 48 total messages of type: PT line in relation % with no stops ignored. Probably OSM file is incomplete.
Warning: 52 total messages of type: Removed invalid stop '%' from line '%'.
Warning: 14 total messages of type: Removing pt stop '%' on non existing edge '%'.
Success.
