Parsing types from '/Library/Frameworks/EclipseSUMO.framework/Versions/1.26.0/EclipseSUMO/share/sumo/data/typemap/osmNetconvert.typ.xml' ... done.
Parsing nodes from osm-file '/Users/junlee/Desktop/2026-1/js/result/report_top12_seed4_2h/sumo_nets/cw_9628/map.osm' ...
Found and substituted 2 osm nodes.
 done (7ms).
Parsing edges from osm-file '/Users/junlee/Desktop/2026-1/js/result/report_top12_seed4_2h/sumo_nets/cw_9628/map.osm' ... done (5ms).
Removing duplicate edges ... done.
Parsing relations from osm-file '/Users/junlee/Desktop/2026-1/js/result/report_top12_seed4_2h/sumo_nets/cw_9628/map.osm' ...
Warning: PT line in relation 2895793 with no stops ignored. Probably OSM file is incomplete.
Warning: PT line in relation 2895850 with no stops ignored. Probably OSM file is incomplete.
Warning: PT line in relation 2895887 with no stops ignored. Probably OSM file is incomplete.
Warning: PT line in relation 2905814 with no stops ignored. Probably OSM file is incomplete.
Warning: PT line in relation 4768489 with no stops ignored. Probably OSM file is incomplete.
Warning: No way found for reference '1110186413' in relation '14767310'
Warning: No way found for reference '1110186413' in relation '14767310'
Warning: Ignoring restriction relation '14767310' with unknown from-way.
Warning: Ignoring restriction relation '14767310' with unknown to-way.
 done (7ms).
 Import done:
   122 nodes loaded.
   38 types loaded.
   243 edges loaded.
Proj projection parameters used: '+proj=utm +zone=52 +ellps=WGS84 +datum=WGS84 +units=m +no_defs'.
Removing self-loops ... done (0ms).
Processing public transport stops ... done (0ms).
Align pt stop id signs with corresponding edge id signs ... done (0ms).
Joining junction clusters ...
Warning: Reducing junction cluster 10156195544,10156195555,10156195556,10185125543,13648893021,2330782564,436839884 (parallel incoming 224260206#6,464240154#3).
Warning: Reducing junction cluster 3807475212,3807475214,3807475215,3807475228 (6 incoming edges).
 done (1ms).
 Joined 10 junction cluster(s).
Removing empty nodes and geometry nodes ... done (0ms).
   0 nodes removed.
Moving network to origin ... done (2ms).
Computing turning directions ... done (0ms).
Assigning nodes to traffic lights ... done (0ms).
Guessing and setting on-/off-ramps ... done (0ms).
Guessed 144 sidewalks.
Warning: Found sharp turn with radius 5.57 at the end of edge '1489021495'.
Sorting nodes' edges ... done (1ms).
Computing node shapes ... done (3ms).
Computing edge shapes ... done (1ms).
Computing node types ... done (0ms).
Guessed 107 pedestrian crossings.
Computing priorities ... done (0ms).
Computing approached edges ... done (0ms).
Guessing and setting roundabouts ... done (0ms).
Computing approaching lanes ... done (1ms).
Dividing of lanes on approached lanes ... done (0ms).
Processing turnarounds ... done (0ms).
Rechecking of lane endings ...
Warning: Lane '-902547939_1' is not connected from any incoming edge at junction '8382915963'.
Warning: Lane '-902562033_1' is not connected from any incoming edge at junction '8383046655'.
Warning: Edge '377373713#3' is not connected to outgoing edges at junction '3807475300'.
 done (0ms).
Computing traffic light control information ... done (0ms).
Computing node logics ... done (1ms).
Computing traffic light logics ... done (0ms).
 3 traffic light(s) computed.
Building inner edges ...
Warning: Speed of straight connection '1110186418_0->-464240154#3_1' reduced by 5.54 due to turning radius of 28.47 (length=14.16, angle=44.32).
 done (3ms).
Find accesses for pt rail stops ... done (0ms).
-----------------------------------------------------
Summary:
 Node type statistics:
  Unregulated junctions       : 0
  Dead-end junctions          : 44
  Priority junctions          : 59
  Right-before-left junctions : 4
  Traffic light junctions      : 3
 Network boundaries:
  Original boundary  : 126.96,37.55,126.97,37.56
  Applied offset     : -319530.43,-4157469.63
  Converted boundary : 0.00,0.00,1081.41,1243.65
-----------------------------------------------------
Writing network ... done (12ms).
Warning: 11 total messages of type: PT line in relation % with no stops ignored. Probably OSM file is incomplete.
Success.
